<?xml version="1.0" encoding="UTF-8" ?>
<testsuite failures="0" time="1.807" errors="0" skipped="0" tests="12" name="com.mou.mongodb.base.springmongo.TestDeleteUtil">
  <properties>
[...]
</properties>
  <testcase time="0.258" classname="com.mou.mongodb.base.springmongo.TestDeleteUtil" name="testRemoveByIdStringString"/>
  <testcase time="0.137" classname="com.mou.mongodb.base.springmongo.TestDeleteUtil" name="testRemoveByIdStringClassOfT"/>
  <testcase time="0.056" classname="com.mou.mongodb.base.springmongo.TestDeleteUtil" name="testRemoveByIdLogicStringString"/>
  <testcase time="0.047" classname="com.mou.mongodb.base.springmongo.TestDeleteUtil" name="testRemoveByIdLogicStringClassOfT"/>
  <testcase time="0.047" classname="com.mou.mongodb.base.springmongo.TestDeleteUtil" name="testRemoveByIdsListOfStringClassOfT"/>
  <testcase time="0.069" classname="com.mou.mongodb.base.springmongo.TestDeleteUtil" name="testRemoveByConditionQueryClassOfT"/>
  <testcase time="0.089" classname="com.mou.mongodb.base.springmongo.TestDeleteUtil" name="testRemoveByConditionLogicQueryString"/>
  <testcase time="0.349" classname="com.mou.mongodb.base.springmongo.TestDeleteUtil" name="testRemoveByConditionQueryString"/>
  <testcase time="0.618" classname="com.mou.mongodb.base.springmongo.TestDeleteUtil" name="testRemoveByIdsLogicListOfStringClassOfT"/>
  <testcase time="0.045" classname="com.mou.mongodb.base.springmongo.TestDeleteUtil" name="testRemoveByIdsListOfStringString"/>
  <testcase time="0.044" classname="com.mou.mongodb.base.springmongo.TestDeleteUtil" name="testRemoveByIdsLogicListOfStringString"/>
  <testcase time="0.042" classname="com.mou.mongodb.base.springmongo.TestDeleteUtil" name="testRemoveByConditionLogicQueryClassOfT"/>
</testsuite>